Flutter crash report; please file at https://github.com/flutter/flutter/issues.

## command

flutter run -d 27215809-C271-4CE5-BC81-C9504E90FF62

## exception

FileSystemException: FileSystemException: Cannot open file, path = '/Users/present/Development/Projects/Dimodo/Dimodo_/.packages' (OS Error: No such file or directory, errno = 2)

```
#0      _File.throwIfError (dart:io/file_impl.dart:645:7)
#1      _File.openSync (dart:io/file_impl.dart:489:5)
#2      _File.readAsBytesSync (dart:io/file_impl.dart:549:18)
#3      ForwardingFile.readAsBytesSync (package:file/src/forwarding/forwarding_file.dart:95:62)
#4      ForwardingFile.readAsBytesSync (package:file/src/forwarding/forwarding_file.dart:95:62)
#5      _parse (package:flutter_tools/src/dart/package_map.dart:14:58)
#6      PackageMap.load (package:flutter_tools/src/dart/package_map.dart:41:14)
#7      PackageMap.map (package:flutter_tools/src/dart/package_map.dart:45:5)
#8      new PackageUriMapper (package:flutter_tools/src/compile.dart:199:92)
#9      DefaultResidentCompiler._recompile (package:flutter_tools/src/compile.dart:592:26)
#10     _RecompileRequest._run (package:flutter_tools/src/compile.dart:408:16)
#11     _CompilationRequest.run (package:flutter_tools/src/compile.dart:388:30)
#12     DefaultResidentCompiler._handleCompilationRequest (package:flutter_tools/src/compile.dart:638:23)
#13     _rootRunUnary (dart:async/zone.dart:1134:38)
#14     _CustomZone.runUnary (dart:async/zone.dart:1031:19)
#15     _CustomZone.runUnaryGuarded (dart:async/zone.dart:933:7)
#16     _BufferingStreamSubscription._sendData (dart:async/stream_impl.dart:339:11)
#17     _DelayedData.perform (dart:async/stream_impl.dart:594:14)
#18     _StreamImplEvents.handleNext (dart:async/stream_impl.dart:710:11)
#19     _PendingEvents.schedule.<anonymous closure> (dart:async/stream_impl.dart:670:7)
#20     _rootRun (dart:async/zone.dart:1122:38)
#21     _CustomZone.run (dart:async/zone.dart:1023:19)
#22     _CustomZone.runGuarded (dart:async/zone.dart:925:7)
#23     _CustomZone.bindCallbackGuarded.<anonymous closure> (dart:async/zone.dart:965:23)
#24     _rootRun (dart:async/zone.dart:1126:13)
#25     _CustomZone.run (dart:async/zone.dart:1023:19)
#26     _CustomZone.runGuarded (dart:async/zone.dart:925:7)
#27     _CustomZone.bindCallbackGuarded.<anonymous closure> (dart:async/zone.dart:965:23)
#28     _microtaskLoop (dart:async/schedule_microtask.dart:43:21)
#29     _startMicrotaskLoop (dart:async/schedule_microtask.dart:52:5)
#30     _runPendingImmediateCallback (dart:isolate-patch/isolate_patch.dart:118:13)
#31     _RawReceivePortImpl._handleMessage (dart:isolate-patch/isolate_patch.dart:169:5)
```

## flutter doctor

```
[✓] Flutter (Channel unknown, v1.15.19, on Mac OS X 10.15.3 19D76, locale en)
    • Flutter version 1.15.19 at /Users/present/Developer/flutter
    • Framework revision 60d0fef17a (4 days ago), 2020-03-09 22:07:34 -0700
    • Engine revision 0e2c8feeeb
    • Dart version 2.8.0 (build 2.8.0-dev.12.0 9983424a3c)

[✓] Android toolchain - develop for Android devices (Android SDK version 28.0.3)
    • Android SDK at /Users/present/Library/Android/sdk
    • Android NDK location not configured (optional; useful for native profiling support)
    • Platform android-28, build-tools 28.0.3
    • Java binary at: /Applications/Android Studio.app/Contents/jre/jdk/Contents/Home/bin/java
    • Java version OpenJDK Runtime Environment (build 1.8.0_202-release-1483-b49-5587405)
    • All Android licenses accepted.

[✓] Xcode - develop for iOS and macOS (Xcode 11.3.1)
    • Xcode at /Applications/Xcode.app/Contents/Developer
    • Xcode 11.3.1, Build version 11C504
    • CocoaPods version 1.8.4

[✓] Android Studio (version 3.5)
    • Android Studio at /Applications/Android Studio.app/Contents
    • Flutter plugin version 40.2.2
    • Dart plugin version 191.8580
    • Java version OpenJDK Runtime Environment (build 1.8.0_202-release-1483-b49-5587405)

[✓] VS Code (version 1.43.0)
    • VS Code at /Applications/Visual Studio Code.app/Contents
    • Flutter extension version 3.8.1

[✓] Connected device (1 available)
    • iPhone 11 Pro Max • 27215809-C271-4CE5-BC81-C9504E90FF62 • ios • com.apple.CoreSimulator.SimRuntime.iOS-13-3 (simulator)

• No issues found!
```
