Flutter crash report; please file at https://github.com/flutter/flutter/issues.

## command

flutter run

## exception

OSError: OS Error: Connection reset by peer, errno = 54

```
#0      _DevFSHttpWriter._startWrite (package:flutter_tools/src/devfs.dart:311:43)
<asynchronous suspension>
#1      _DevFSHttpWriter._scheduleWrites (package:flutter_tools/src/devfs.dart:296:7)
#2      _DevFSHttpWriter.write (package:flutter_tools/src/devfs.dart:288:5)
#3      DevFS.update (package:flutter_tools/src/devfs.dart:526:27)
#4      _rootRunUnary (dart:async/zone.dart:1134:38)
#5      _CustomZone.runUnary (dart:async/zone.dart:1031:19)
#6      _FutureListener.handleValue (dart:async/future_impl.dart:140:18)
#7      Future._propagateToListeners.handleValueCallback (dart:async/future_impl.dart:682:45)
#8      Future._propagateToListeners (dart:async/future_impl.dart:711:32)
#9      Future._completeWithValue (dart:async/future_impl.dart:526:5)
#10     Future._asyncComplete.<anonymous closure> (dart:async/future_impl.dart:556:7)
#11     _rootRun (dart:async/zone.dart:1126:13)
#12     _CustomZone.run (dart:async/zone.dart:1023:19)
#13     _CustomZone.runGuarded (dart:async/zone.dart:925:7)
#14     _CustomZone.bindCallbackGuarded.<anonymous closure> (dart:async/zone.dart:965:23)
#15     _microtaskLoop (dart:async/schedule_microtask.dart:43:21)
#16     _startMicrotaskLoop (dart:async/schedule_microtask.dart:52:5)
#17     _runPendingImmediateCallback (dart:isolate-patch/isolate_patch.dart:118:13)
#18     _RawReceivePortImpl._handleMessage (dart:isolate-patch/isolate_patch.dart:169:5)
```

## flutter doctor

```
[✓] Flutter (Channel unknown, v1.15.19, on Mac OS X 10.15.4 19E266, locale en)
    • Flutter version 1.15.19 at /Users/present/Developer/flutter
    • Framework revision 60d0fef17a (3 weeks ago), 2020-03-09 22:07:34 -0700
    • Engine revision 0e2c8feeeb
    • Dart version 2.8.0 (build 2.8.0-dev.12.0 9983424a3c)

[✓] Android toolchain - develop for Android devices (Android SDK version
    28.0.3)
    • Android SDK at /Users/present/Library/Android/sdk
    • Android NDK location not configured (optional; useful for native
      profiling support)
    • Platform android-28, build-tools 28.0.3
    • Java binary at: /Applications/Android
      Studio.app/Contents/jre/jdk/Contents/Home/bin/java
    • Java version OpenJDK Runtime Environment (build
      1.8.0_202-release-1483-b49-5587405)
    • All Android licenses accepted.

[✓] Xcode - develop for iOS and macOS (Xcode 11.4)
    • Xcode at /Applications/Xcode.app/Contents/Developer
    • Xcode 11.4, Build version 11E146
    • CocoaPods version 1.8.4

[✓] Android Studio (version 3.5)
    • Android Studio at /Applications/Android Studio.app/Contents
    • Flutter plugin version 40.2.2
    • Dart plugin version 191.8580
    • Java version OpenJDK Runtime Environment (build
      1.8.0_202-release-1483-b49-5587405)

[✓] VS Code (version 1.43.2)
    • VS Code at /Applications/Visual Studio Code.app/Contents
    • Flutter extension version 3.8.1

[✓] Connected device (1 available)
    • iPhone 11 Pro • 62858A6A-AA91-43EF-A603-2F2904A07654 • ios •
      com.apple.CoreSimulator.SimRuntime.iOS-13-4 (simulator)

• No issues found!
```
