Flutter crash report; please file at https://github.com/flutter/flutter/issues.

## command

flutter run --machine --target lib/main.dart -d emulator-5554 --track-widget-creation --start-paused

## exception

ArgumentError: Invalid argument(s): The source must not be null

```
#0      int.tryParse (dart:core-patch/integers_patch.dart:107:25)
#1      AndroidDevice._checkForSupportedAndroidVersion (package:flutter_tools/src/android/android_device.dart:324:40)
<asynchronous suspension>
#2      AndroidDevice.startApp (package:flutter_tools/src/android/android_device.dart:490:16)
<asynchronous suspension>
#3      FlutterDevice.runHot (package:flutter_tools/src/resident_runner.dart:432:54)
#4      _rootRunUnary (dart:async/zone.dart:1134:38)
#5      _CustomZone.runUnary (dart:async/zone.dart:1031:19)
#6      _FutureListener.handleValue (dart:async/future_impl.dart:140:18)
#7      Future._propagateToListeners.handleValueCallback (dart:async/future_impl.dart:682:45)
#8      Future._propagateToListeners (dart:async/future_impl.dart:711:32)
#9      Future._completeWithValue (dart:async/future_impl.dart:526:5)
#10     _AsyncAwaitCompleter.complete (dart:async-patch/async_patch.dart:34:15)
#11     _completeOnAsyncReturn (dart:async-patch/async_patch.dart:293:13)
#12     ApplicationPackageFactory.getPackageForPlatform (package:flutter_tools/src/application_package.dart)
#13     _rootRunUnary (dart:async/zone.dart:1134:38)
#14     _CustomZone.runUnary (dart:async/zone.dart:1031:19)
#15     _FutureListener.handleValue (dart:async/future_impl.dart:140:18)
#16     Future._propagateToListeners.handleValueCallback (dart:async/future_impl.dart:682:45)
#17     Future._propagateToListeners (dart:async/future_impl.dart:711:32)
#18     Future._completeWithValue (dart:async/future_impl.dart:526:5)
#19     _AsyncAwaitCompleter.complete (dart:async-patch/async_patch.dart:34:15)
#20     _completeOnAsyncReturn (dart:async-patch/async_patch.dart:293:13)
#21     AndroidApk.fromAndroidProject (package:flutter_tools/src/application_package.dart)
#22     _rootRunUnary (dart:async/zone.dart:1134:38)
#23     _CustomZone.runUnary (dart:async/zone.dart:1031:19)
#24     _FutureListener.handleValue (dart:async/future_impl.dart:140:18)
#25     Future._propagateToListeners.handleValueCallback (dart:async/future_impl.dart:682:45)
#26     Future._propagateToListeners (dart:async/future_impl.dart:711:32)
#27     Future._completeWithValue (dart:async/future_impl.dart:526:5)
#28     Future._asyncComplete.<anonymous closure> (dart:async/future_impl.dart:556:7)
#29     _rootRun (dart:async/zone.dart:1126:13)
#30     _CustomZone.run (dart:async/zone.dart:1023:19)
#31     _CustomZone.runGuarded (dart:async/zone.dart:925:7)
#32     _CustomZone.bindCallbackGuarded.<anonymous closure> (dart:async/zone.dart:965:23)
#33     _microtaskLoop (dart:async/schedule_microtask.dart:43:21)
#34     _startMicrotaskLoop (dart:async/schedule_microtask.dart:52:5)
#35     _runPendingImmediateCallback (dart:isolate-patch/isolate_patch.dart:118:13)
#36     _RawReceivePortImpl._handleMessage (dart:isolate-patch/isolate_patch.dart:169:5)
```

## flutter doctor

```
[✓] Flutter (Channel unknown, v1.15.19, on Mac OS X 10.15.3 19D76, locale en)
    • Flutter version 1.15.19 at /Users/present/Developer/flutter
    • Framework revision 60d0fef17a (9 days ago), 2020-03-09 22:07:34 -0700
    • Engine revision 0e2c8feeeb
    • Dart version 2.8.0 (build 2.8.0-dev.12.0 9983424a3c)

[✓] Android toolchain - develop for Android devices (Android SDK version 28.0.3)
    • Android SDK at /Users/present/Library/Android/sdk
    • Android NDK location not configured (optional; useful for native profiling support)
    • Platform android-28, build-tools 28.0.3
    • Java binary at: /Applications/Android Studio.app/Contents/jre/jdk/Contents/Home/bin/java
    • Java version OpenJDK Runtime Environment (build 1.8.0_202-release-1483-b49-5587405)
    • All Android licenses accepted.

[✓] Xcode - develop for iOS and macOS (Xcode 11.3.1)
    • Xcode at /Applications/Xcode.app/Contents/Developer
    • Xcode 11.3.1, Build version 11C504
    • CocoaPods version 1.8.4

[✓] Android Studio (version 3.5)
    • Android Studio at /Applications/Android Studio.app/Contents
    • Flutter plugin version 40.2.2
    • Dart plugin version 191.8580
    • Java version OpenJDK Runtime Environment (build 1.8.0_202-release-1483-b49-5587405)

[✓] VS Code (version 1.43.0)
    • VS Code at /Applications/Visual Studio Code.app/Contents
    • Flutter extension version 3.8.1

[✓] Connected device (1 available)
    • Android SDK built for x86 • emulator-5554 • android-arm • Android null (API null)

• No issues found!
```
